----- 6/7/2019 9:50:31 AM: Job 'WebFiles': ANALYSIS started by User on computer 'RANDY-LAPTOP' (GoodSync 8.1.7.0 on ) -----
WebFiles: C:\Users\Randy\OneDrive\Documents\GitHub\Continental Web =forced-PropDels=> C:\wamp64\www\continentalWeb, SavePrev, TmpDest, EstReq, CopyLocked, CaseSens, Reconnect=3
Exclude licens*.rfo|cache.rfo|mru.rfo|mpp*.rfo|/System Volume Information|Thumbs.db|.DS_Store 
Left: Read State File C:\Users\Randy\OneDrive\Documents\GitHub\Continental Web\_gsdata_\_file_state._gs
Left: State file does not exist: C:\Users\Randy\OneDrive\Documents\GitHub\Continental Web\_gsdata_\_file_state._gs
Left: No State File found, New State will be built
Left: Files: 281 (excluded 0). Folders: 143 (excluded 0). C:\ NTFS, Free: 463 GB, Total: 892 GB
Right: Read State File C:\wamp64\www\continentalWeb\_gsdata_\_file_state._gs
Right: State file does not exist: C:\wamp64\www\continentalWeb\_gsdata_\_file_state._gs
Right: No State File found, New State will be built
Right: Files: 0 (excluded 0). Folders: 0 (excluded 0). C:\ NTFS, Free: 463 GB, Total: 892 GB
On disk C: space required for sync is 29.9 MB, you have 463 GB
On disk C: space required for sync is 29.9 MB, you have 463 GB
Changes: 424, Conflicts: 0, CopyTime: 0, CopyState: 0, Errors: 0
Left to Right: Copy File: 424 
----- 6/7/2019 9:50:31 AM: Analysis Completed. Time 00:00:00, Speed: Many files/s -----

===== 6/7/2019 9:50:36 AM: Job 'WebFiles': SYNC started by User on computer 'RANDY-LAPTOP' =====
WebFiles: C:\Users\Randy\OneDrive\Documents\GitHub\Continental Web =forced-PropDels=> C:\wamp64\www\continentalWeb, SavePrev, TmpDest, EstReq, CopyLocked, CaseSens, Reconnect=3
Create Folder 'C:\wamp64\www\continentalWeb\.git'
Create Folder 'C:\wamp64\www\continentalWeb\.git\hooks'
Copy New 'C:\Users\Randy\OneDrive\Documents\GitHub\Continental Web\.git\hooks\applypatch-msg.sample' -> 'C:\wamp64\www\continentalWeb\.git\hooks\applypatch-msg.sample'
Copy New 'C:\Users\Randy\OneDrive\Documents\GitHub\Continental Web\.git\hooks\commit-msg.sample' -> 'C:\wamp64\www\continentalWeb\.git\hooks\commit-msg.sample'
Copy New 'C:\Users\Randy\OneDrive\Documents\GitHub\Continental Web\.git\hooks\fsmonitor-watchman.sample' -> 'C:\wamp64\www\continentalWeb\.git\hooks\fsmonitor-watchman.sample'
Copy New 'C:\Users\Randy\OneDrive\Documents\GitHub\Continental Web\.git\hooks\post-update.sample' -> 'C:\wamp64\www\continentalWeb\.git\hooks\post-update.sample'
Copy New 'C:\Users\Randy\OneDrive\Documents\GitHub\Continental Web\.git\hooks\pre-applypatch.sample' -> 'C:\wamp64\www\continentalWeb\.git\hooks\pre-applypatch.sample'
Copy New 'C:\Users\Randy\OneDrive\Documents\GitHub\Continental Web\.git\hooks\pre-commit.sample' -> 'C:\wamp64\www\continentalWeb\.git\hooks\pre-commit.sample'
Copy New 'C:\Users\Randy\OneDrive\Documents\GitHub\Continental Web\.git\hooks\pre-push.sample' -> 'C:\wamp64\www\continentalWeb\.git\hooks\pre-push.sample'
Copy New 'C:\Users\Randy\OneDrive\Documents\GitHub\Continental Web\.git\hooks\pre-rebase.sample' -> 'C:\wamp64\www\continentalWeb\.git\hooks\pre-rebase.sample'
Copy New 'C:\Users\Randy\OneDrive\Documents\GitHub\Continental Web\.git\hooks\pre-receive.sample' -> 'C:\wamp64\www\continentalWeb\.git\hooks\pre-receive.sample'
Copy New 'C:\Users\Randy\OneDrive\Documents\GitHub\Continental Web\.git\hooks\prepare-commit-msg.sample' -> 'C:\wamp64\www\continentalWeb\.git\hooks\prepare-commit-msg.sample'
Copy New 'C:\Users\Randy\OneDrive\Documents\GitHub\Continental Web\.git\hooks\update.sample' -> 'C:\wamp64\www\continentalWeb\.git\hooks\update.sample'
Create Folder 'C:\wamp64\www\continentalWeb\.git\info'
Copy New 'C:\Users\Randy\OneDrive\Documents\GitHub\Continental Web\.git\info\exclude' -> 'C:\wamp64\www\continentalWeb\.git\info\exclude'
Create Folder 'C:\wamp64\www\continentalWeb\.git\logs'
Create Folder 'C:\wamp64\www\continentalWeb\.git\logs\refs'
Create Folder 'C:\wamp64\www\continentalWeb\.git\logs\refs\heads'
Copy New 'C:\Users\Randy\OneDrive\Documents\GitHub\Continental Web\.git\logs\refs\heads\master' -> 'C:\wamp64\www\continentalWeb\.git\logs\refs\heads\master'
Create Folder 'C:\wamp64\www\continentalWeb\.git\logs\refs\remotes'
Create Folder 'C:\wamp64\www\continentalWeb\.git\logs\refs\remotes\Continentalweb'
Copy New 'C:\Users\Randy\OneDrive\Documents\GitHub\Continental Web\.git\logs\refs\remotes\Continentalweb\master' -> 'C:\wamp64\www\continentalWeb\.git\logs\refs\remotes\Continentalweb\master'
Copy New 'C:\Users\Randy\OneDrive\Documents\GitHub\Continental Web\.git\logs\HEAD' -> 'C:\wamp64\www\continentalWeb\.git\logs\HEAD'
Create Folder 'C:\wamp64\www\continentalWeb\.git\objects'
Create Folder 'C:\wamp64\www\continentalWeb\.git\objects\00'
Copy New 'C:\Users\Randy\OneDrive\Documents\GitHub\Continental Web\.git\objects\00\347085454efc9e282d883ddfd36de0b7e409f6' -> 'C:\wamp64\www\continentalWeb\.git\objects\00\347085454efc9e282d883ddfd36de0b7e409f6'
Create Folder 'C:\wamp64\www\continentalWeb\.git\objects\01'
Copy New 'C:\Users\Randy\OneDrive\Documents\GitHub\Continental Web\.git\objects\01\5c6f0e73e1b1fd598a040994331f8cbd486716' -> 'C:\wamp64\www\continentalWeb\.git\objects\01\5c6f0e73e1b1fd598a040994331f8cbd486716'
Create Folder 'C:\wamp64\www\continentalWeb\.git\objects\04'
Copy New 'C:\Users\Randy\OneDrive\Documents\GitHub\Continental Web\.git\objects\04\9c916eed5479f898a4d66be671adda3d83d1d5' -> 'C:\wamp64\www\continentalWeb\.git\objects\04\9c916eed5479f898a4d66be671adda3d83d1d5'
Create Folder 'C:\wamp64\www\continentalWeb\.git\objects\07'
Copy New 'C:\Users\Randy\OneDrive\Documents\GitHub\Continental Web\.git\objects\07\0e0261b767ae71ad9124baaf1558e84589be5e' -> 'C:\wamp64\www\continentalWeb\.git\objects\07\0e0261b767ae71ad9124baaf1558e84589be5e'
Copy New 'C:\Users\Randy\OneDrive\Documents\GitHub\Continental Web\.git\objects\07\5154cdd89265078d91b021887fbb9e7dce6b4f' -> 'C:\wamp64\www\continentalWeb\.git\objects\07\5154cdd89265078d91b021887fbb9e7dce6b4f'
Create Folder 'C:\wamp64\www\continentalWeb\.git\objects\08'
Copy New 'C:\Users\Randy\OneDrive\Documents\GitHub\Continental Web\.git\objects\08\6eddf3e3cbdeb0fadb958c3a2c88dd45e22645' -> 'C:\wamp64\www\continentalWeb\.git\objects\08\6eddf3e3cbdeb0fadb958c3a2c88dd45e22645'
Copy New 'C:\Users\Randy\OneDrive\Documents\GitHub\Continental Web\.git\objects\08\6f6ac27662355d0c37dcb09e8468be4a6523cb' -> 'C:\wamp64\www\continentalWeb\.git\objects\08\6f6ac27662355d0c37dcb09e8468be4a6523cb'
Create Folder 'C:\wamp64\www\continentalWeb\.git\objects\09'
Copy New 'C:\Users\Randy\OneDrive\Documents\GitHub\Continental Web\.git\objects\09\b4e073b36c5b9213561a444f66cc74b3213d74' -> 'C:\wamp64\www\continentalWeb\.git\objects\09\b4e073b36c5b9213561a444f66cc74b3213d74'
Copy New 'C:\Users\Randy\OneDrive\Documents\GitHub\Continental Web\.git\objects\09\cdaf17cc6b2475d0126406b3b8de74dde673a5' -> 'C:\wamp64\www\continentalWeb\.git\objects\09\cdaf17cc6b2475d0126406b3b8de74dde673a5'
Create Folder 'C:\wamp64\www\continentalWeb\.git\objects\0b'
Copy New 'C:\Users\Randy\OneDrive\Documents\GitHub\Continental Web\.git\objects\0b\c2b8ec624fbd58c4dc2242c04a739ed51ce4c9' -> 'C:\wamp64\www\continentalWeb\.git\objects\0b\c2b8ec624fbd58c4dc2242c04a739ed51ce4c9'
Copy New 'C:\Users\Randy\OneDrive\Documents\GitHub\Continental Web\.git\objects\0b\d5cd9ca8e35b5faa0456fa30a9f42f63f55dd7' -> 'C:\wamp64\www\continentalWeb\.git\objects\0b\d5cd9ca8e35b5faa0456fa30a9f42f63f55dd7'
Create Folder 'C:\wamp64\www\continentalWeb\.git\objects\0d'
Copy New 'C:\Users\Randy\OneDrive\Documents\GitHub\Continental Web\.git\objects\0d\d5b4b7745712815cbc2640f9082ee51565a896' -> 'C:\wamp64\www\continentalWeb\.git\objects\0d\d5b4b7745712815cbc2640f9082ee51565a896'
Create Folder 'C:\wamp64\www\continentalWeb\.git\objects\0e'
Copy New 'C:\Users\Randy\OneDrive\Documents\GitHub\Continental Web\.git\objects\0e\26f667dfde9e3f9fd14805a9896061e051cd92' -> 'C:\wamp64\www\continentalWeb\.git\objects\0e\26f667dfde9e3f9fd14805a9896061e051cd92'
Copy New 'C:\Users\Randy\OneDrive\Documents\GitHub\Continental Web\.git\objects\0e\2d8c0376397880b6242889af23db5837e98265' -> 'C:\wamp64\www\continentalWeb\.git\objects\0e\2d8c0376397880b6242889af23db5837e98265'
Copy New 'C:\Users\Randy\OneDrive\Documents\GitHub\Continental Web\.git\objects\0e\7ea9c8c6b36135e138930007ad4362c18f5fbc' -> 'C:\wamp64\www\continentalWeb\.git\objects\0e\7ea9c8c6b36135e138930007ad4362c18f5fbc'
Create Folder 'C:\wamp64\www\continentalWeb\.git\objects\0f'
Copy New 'C:\Users\Randy\OneDrive\Documents\GitHub\Continental Web\.git\objects\0f\a40da76129ecc6956d62a7945ddd5a2f159648' -> 'C:\wamp64\www\continentalWeb\.git\objects\0f\a40da76129ecc6956d62a7945ddd5a2f159648'
Create Folder 'C:\wamp64\www\continentalWeb\.git\objects\12'
Copy New 'C:\Users\Randy\OneDrive\Documents\GitHub\Continental Web\.git\objects\12\0d257f62cde6619545644259299a57d0ed0be3' -> 'C:\wamp64\www\continentalWeb\.git\objects\12\0d257f62cde6619545644259299a57d0ed0be3'
Copy New 'C:\Users\Randy\OneDrive\Documents\GitHub\Continental Web\.git\objects\12\ba2cb273a95c68d6bfd1048eb61ae8f42d17c5' -> 'C:\wamp64\www\continentalWeb\.git\objects\12\ba2cb273a95c68d6bfd1048eb61ae8f42d17c5'
Create Folder 'C:\wamp64\www\continentalWeb\.git\objects\13'
Copy New 'C:\Users\Randy\OneDrive\Documents\GitHub\Continental Web\.git\objects\13\7d36e8266d87860dc3cff117e6aaa47afc4c5e' -> 'C:\wamp64\www\continentalWeb\.git\objects\13\7d36e8266d87860dc3cff117e6aaa47afc4c5e'
Create Folder 'C:\wamp64\www\continentalWeb\.git\objects\15'
Copy New 'C:\Users\Randy\OneDrive\Documents\GitHub\Continental Web\.git\objects\15\00c7a8ede600f88634bdad9232b2ac791882b2' -> 'C:\wamp64\www\continentalWeb\.git\objects\15\00c7a8ede600f88634bdad9232b2ac791882b2'
Copy New 'C:\Users\Randy\OneDrive\Documents\GitHub\Continental Web\.git\objects\15\cffbe082449a1d4b91fbb446da553e6a0702f9' -> 'C:\wamp64\www\continentalWeb\.git\objects\15\cffbe082449a1d4b91fbb446da553e6a0702f9'
Create Folder 'C:\wamp64\www\continentalWeb\.git\objects\18'
Copy New 'C:\Users\Randy\OneDrive\Documents\GitHub\Continental Web\.git\objects\18\7cd4176908c19f9d8ef7b77f023ce21033ee7b' -> 'C:\wamp64\www\continentalWeb\.git\objects\18\7cd4176908c19f9d8ef7b77f023ce21033ee7b'
Create Folder 'C:\wamp64\www\continentalWeb\.git\objects\1a'
Copy New 'C:\Users\Randy\OneDrive\Documents\GitHub\Continental Web\.git\objects\1a\32c2b5bda31d4fd4caf1ecc0d6c35c5fb6ecf8' -> 'C:\wamp64\www\continentalWeb\.git\objects\1a\32c2b5bda31d4fd4caf1ecc0d6c35c5fb6ecf8'
Copy New 'C:\Users\Randy\OneDrive\Documents\GitHub\Continental Web\.git\objects\1a\a20a456381c944aa8fa60ab39e33b8c549a819' -> 'C:\wamp64\www\continentalWeb\.git\objects\1a\a20a456381c944aa8fa60ab39e33b8c549a819'
Create Folder 'C:\wamp64\www\continentalWeb\.git\objects\1c'
Copy New 'C:\Users\Randy\OneDrive\Documents\GitHub\Continental Web\.git\objects\1c\241e4b5af6c2fcb6cbd95fca58cce58e8deca9' -> 'C:\wamp64\www\continentalWeb\.git\objects\1c\241e4b5af6c2fcb6cbd95fca58cce58e8deca9'
Copy New 'C:\Users\Randy\OneDrive\Documents\GitHub\Continental Web\.git\objects\1c\5cff853bc9b0ef796169d54cda1585b14c97d2' -> 'C:\wamp64\www\continentalWeb\.git\objects\1c\5cff853bc9b0ef796169d54cda1585b14c97d2'
Create Folder 'C:\wamp64\www\continentalWeb\.git\objects\1e'
Copy New 'C:\Users\Randy\OneDrive\Documents\GitHub\Continental Web\.git\objects\1e\7ca15b7d57f0ce6b2976cd5bef07d7cb965d8e' -> 'C:\wamp64\www\continentalWeb\.git\objects\1e\7ca15b7d57f0ce6b2976cd5bef07d7cb965d8e'
Copy New 'C:\Users\Randy\OneDrive\Documents\GitHub\Continental Web\.git\objects\1e\fd83fad6c3300416e1043140b464856266ac2f' -> 'C:\wamp64\www\continentalWeb\.git\objects\1e\fd83fad6c3300416e1043140b464856266ac2f'
Create Folder 'C:\wamp64\www\continentalWeb\.git\objects\21'
Copy New 'C:\Users\Randy\OneDrive\Documents\GitHub\Continental Web\.git\objects\21\6e4c82084b1a1a476e42b82fa74b2c9346689c' -> 'C:\wamp64\www\continentalWeb\.git\objects\21\6e4c82084b1a1a476e42b82fa74b2c9346689c'
Create Folder 'C:\wamp64\www\continentalWeb\.git\objects\23'
Copy New 'C:\Users\Randy\OneDrive\Documents\GitHub\Continental Web\.git\objects\23\1015dc81c6ffaf28812c356df02008af06ff9e' -> 'C:\wamp64\www\continentalWeb\.git\objects\23\1015dc81c6ffaf28812c356df02008af06ff9e'
Copy New 'C:\Users\Randy\OneDrive\Documents\GitHub\Continental Web\.git\objects\23\60e57a18a2a74da7afcbafb1c5e8f42e196280' -> 'C:\wamp64\www\continentalWeb\.git\objects\23\60e57a18a2a74da7afcbafb1c5e8f42e196280'
Create Folder 'C:\wamp64\www\continentalWeb\.git\objects\24'
Copy New 'C:\Users\Randy\OneDrive\Documents\GitHub\Continental Web\.git\objects\24\625334a2d94929b1557a96249b9cc93c185dcd' -> 'C:\wamp64\www\continentalWeb\.git\objects\24\625334a2d94929b1557a96249b9cc93c185dcd'
Copy New 'C:\Users\Randy\OneDrive\Documents\GitHub\Continental Web\.git\objects\24\739790daa5a979085df34932be0b6532cfc120' -> 'C:\wamp64\www\continentalWeb\.git\objects\24\739790daa5a979085df34932be0b6532cfc120'
Create Folder 'C:\wamp64\www\continentalWeb\.git\objects\25'
Copy New 'C:\Users\Randy\OneDrive\Documents\GitHub\Continental Web\.git\objects\25\735c23187839262367d530803eacc611071330' -> 'C:\wamp64\www\continentalWeb\.git\objects\25\735c23187839262367d530803eacc611071330'
Create Folder 'C:\wamp64\www\continentalWeb\.git\objects\27'
Copy New 'C:\Users\Randy\OneDrive\Documents\GitHub\Continental Web\.git\objects\27\fb92d86622b7b8eb9b7a4a4bc3c9867dd91928' -> 'C:\wamp64\www\continentalWeb\.git\objects\27\fb92d86622b7b8eb9b7a4a4bc3c9867dd91928'
Create Folder 'C:\wamp64\www\continentalWeb\.git\objects\2a'
Copy New 'C:\Users\Randy\OneDrive\Documents\GitHub\Continental Web\.git\objects\2a\13e763fcb4a4d655d0ab676680e5aca1c3d23e' -> 'C:\wamp64\www\continentalWeb\.git\objects\2a\13e763fcb4a4d655d0ab676680e5aca1c3d23e'
Create Folder 'C:\wamp64\www\continentalWeb\.git\objects\31'
Copy New 'C:\Users\Randy\OneDrive\Documents\GitHub\Continental Web\.git\objects\31\a796dfef3dcf47a06c50faf9dde212442b8947' -> 'C:\wamp64\www\continentalWeb\.git\objects\31\a796dfef3dcf47a06c50faf9dde212442b8947'
Create Folder 'C:\wamp64\www\continentalWeb\.git\objects\35'
Copy New 'C:\Users\Randy\OneDrive\Documents\GitHub\Continental Web\.git\objects\35\61d2033cc5e778f4d1e35adc76a0f901c88957' -> 'C:\wamp64\www\continentalWeb\.git\objects\35\61d2033cc5e778f4d1e35adc76a0f901c88957'
Create Folder 'C:\wamp64\www\continentalWeb\.git\objects\36'
Copy New 'C:\Users\Randy\OneDrive\Documents\GitHub\Continental Web\.git\objects\36\f75c94f4407e29653ebcabb5703a06d7302ce3' -> 'C:\wamp64\www\continentalWeb\.git\objects\36\f75c94f4407e29653ebcabb5703a06d7302ce3'
Create Folder 'C:\wamp64\www\continentalWeb\.git\objects\37'
Copy New 'C:\Users\Randy\OneDrive\Documents\GitHub\Continental Web\.git\objects\37\cfb762d586538cef6b80257d91a28321bd52c6' -> 'C:\wamp64\www\continentalWeb\.git\objects\37\cfb762d586538cef6b80257d91a28321bd52c6'
Copy New 'C:\Users\Randy\OneDrive\Documents\GitHub\Continental Web\.git\objects\37\fd075d655cb9e273f1f4e930d273cba0a2906f' -> 'C:\wamp64\www\continentalWeb\.git\objects\37\fd075d655cb9e273f1f4e930d273cba0a2906f'
Create Folder 'C:\wamp64\www\continentalWeb\.git\objects\38'
Copy New 'C:\Users\Randy\OneDrive\Documents\GitHub\Continental Web\.git\objects\38\084a0f28921a9181225d6cf1f7e279e85945d3' -> 'C:\wamp64\www\continentalWeb\.git\objects\38\084a0f28921a9181225d6cf1f7e279e85945d3'
Create Folder 'C:\wamp64\www\continentalWeb\.git\objects\39'
Copy New 'C:\Users\Randy\OneDrive\Documents\GitHub\Continental Web\.git\objects\39\33936c2cfb78b60474a95c61e021c15712fb8c' -> 'C:\wamp64\www\continentalWeb\.git\objects\39\33936c2cfb78b60474a95c61e021c15712fb8c'
Create Folder 'C:\wamp64\www\continentalWeb\.git\objects\3e'
Copy New 'C:\Users\Randy\OneDrive\Documents\GitHub\Continental Web\.git\objects\3e\b699c98d80640520f10965c99988a353387bfc' -> 'C:\wamp64\www\continentalWeb\.git\objects\3e\b699c98d80640520f10965c99988a353387bfc'
Create Folder 'C:\wamp64\www\continentalWeb\.git\objects\41'
Copy New 'C:\Users\Randy\OneDrive\Documents\GitHub\Continental Web\.git\objects\41\2338e3640d6ea830559850d270bab5bc5147cc' -> 'C:\wamp64\www\continentalWeb\.git\objects\41\2338e3640d6ea830559850d270bab5bc5147cc'
Copy New 'C:\Users\Randy\OneDrive\Documents\GitHub\Continental Web\.git\objects\41\75846a0e90d51f6556697c8f2e77907273d1c5' -> 'C:\wamp64\www\continentalWeb\.git\objects\41\75846a0e90d51f6556697c8f2e77907273d1c5'
Copy New 'C:\Users\Randy\OneDrive\Documents\GitHub\Continental Web\.git\objects\41\ada7749638b89db7ccaa0019298a20d48bdffc' -> 'C:\wamp64\www\continentalWeb\.git\objects\41\ada7749638b89db7ccaa0019298a20d48bdffc'
Copy New 'C:\Users\Randy\OneDrive\Documents\GitHub\Continental Web\.git\objects\41\d1148f1e6e45686eaefc398a3aae6072e91465' -> 'C:\wamp64\www\continentalWeb\.git\objects\41\d1148f1e6e45686eaefc398a3aae6072e91465'
Copy New 'C:\Users\Randy\OneDrive\Documents\GitHub\Continental Web\.git\objects\41\e9c257b9034650dc5ac6da77735d93411a77f4' -> 'C:\wamp64\www\continentalWeb\.git\objects\41\e9c257b9034650dc5ac6da77735d93411a77f4'
Create Folder 'C:\wamp64\www\continentalWeb\.git\objects\42'
Copy New 'C:\Users\Randy\OneDrive\Documents\GitHub\Continental Web\.git\objects\42\1b43927716edaebec8969c5fbc2c95acb633d8' -> 'C:\wamp64\www\continentalWeb\.git\objects\42\1b43927716edaebec8969c5fbc2c95acb633d8'
Copy New 'C:\Users\Randy\OneDrive\Documents\GitHub\Continental Web\.git\objects\42\206fe59efda59b9303f45fb4491897694c0ce4' -> 'C:\wamp64\www\continentalWeb\.git\objects\42\206fe59efda59b9303f45fb4491897694c0ce4'
Create Folder 'C:\wamp64\www\continentalWeb\.git\objects\43'
Copy New 'C:\Users\Randy\OneDrive\Documents\GitHub\Continental Web\.git\objects\43\006313515c3ea4448f54ef7da340d585647e1c' -> 'C:\wamp64\www\continentalWeb\.git\objects\43\006313515c3ea4448f54ef7da340d585647e1c'
Create Folder 'C:\wamp64\www\continentalWeb\.git\objects\45'
Copy New 'C:\Users\Randy\OneDrive\Documents\GitHub\Continental Web\.git\objects\45\042c1928c6eaedb4b88cb260a2ae59c72134c1' -> 'C:\wamp64\www\continentalWeb\.git\objects\45\042c1928c6eaedb4b88cb260a2ae59c72134c1'
Create Folder 'C:\wamp64\www\continentalWeb\.git\objects\48'
Copy New 'C:\Users\Randy\OneDrive\Documents\GitHub\Continental Web\.git\objects\48\0102c9099e8ba704867bf0ba177a377ded7649' -> 'C:\wamp64\www\continentalWeb\.git\objects\48\0102c9099e8ba704867bf0ba177a377ded7649'
Copy New 'C:\Users\Randy\OneDrive\Documents\GitHub\Continental Web\.git\objects\48\a2c6fda09ffb6c830f12fc1052c5395113ae4e' -> 'C:\wamp64\www\continentalWeb\.git\objects\48\a2c6fda09ffb6c830f12fc1052c5395113ae4e'
Create Folder 'C:\wamp64\www\continentalWeb\.git\objects\49'
Copy New 'C:\Users\Randy\OneDrive\Documents\GitHub\Continental Web\.git\objects\49\c166c08c0bd69a82bf5253b719dca08c2e293b' -> 'C:\wamp64\www\continentalWeb\.git\objects\49\c166c08c0bd69a82bf5253b719dca08c2e293b'
Create Folder 'C:\wamp64\www\continentalWeb\.git\objects\4a'
Copy New 'C:\Users\Randy\OneDrive\Documents\GitHub\Continental Web\.git\objects\4a\ddd3dbe16b349f0f20c4949f398c24af32c316' -> 'C:\wamp64\www\continentalWeb\.git\objects\4a\ddd3dbe16b349f0f20c4949f398c24af32c316'
Create Folder 'C:\wamp64\www\continentalWeb\.git\objects\4b'
Copy New 'C:\Users\Randy\OneDrive\Documents\GitHub\Continental Web\.git\objects\4b\825dc642cb6eb9a060e54bf8d69288fbee4904' -> 'C:\wamp64\www\continentalWeb\.git\objects\4b\825dc642cb6eb9a060e54bf8d69288fbee4904'
Create Folder 'C:\wamp64\www\continentalWeb\.git\objects\50'
Copy New 'C:\Users\Randy\OneDrive\Documents\GitHub\Continental Web\.git\objects\50\fec4cd8cf9491a3e5f381f8280eeace639686e' -> 'C:\wamp64\www\continentalWeb\.git\objects\50\fec4cd8cf9491a3e5f381f8280eeace639686e'
Create Folder 'C:\wamp64\www\continentalWeb\.git\objects\52'
Copy New 'C:\Users\Randy\OneDrive\Documents\GitHub\Continental Web\.git\objects\52\b92807027ac8f071ae79c7086264337ae624f7' -> 'C:\wamp64\www\continentalWeb\.git\objects\52\b92807027ac8f071ae79c7086264337ae624f7'
Create Folder 'C:\wamp64\www\continentalWeb\.git\objects\54'
Copy New 'C:\Users\Randy\OneDrive\Documents\GitHub\Continental Web\.git\objects\54\8c4595daf9d28e884a99202676fba002b56fa6' -> 'C:\wamp64\www\continentalWeb\.git\objects\54\8c4595daf9d28e884a99202676fba002b56fa6'
Create Folder 'C:\wamp64\www\continentalWeb\.git\objects\56'
Copy New 'C:\Users\Randy\OneDrive\Documents\GitHub\Continental Web\.git\objects\56\7a8804ddcacd57d733333b0ba36b473b19bcbd' -> 'C:\wamp64\www\continentalWeb\.git\objects\56\7a8804ddcacd57d733333b0ba36b473b19bcbd'
Copy New 'C:\Users\Randy\OneDrive\Documents\GitHub\Continental Web\.git\objects\56\c99f8955125c07a5a27033d50177d5d79c98c5' -> 'C:\wamp64\www\continentalWeb\.git\objects\56\c99f8955125c07a5a27033d50177d5d79c98c5'
Copy New 'C:\Users\Randy\OneDrive\Documents\GitHub\Continental Web\.git\objects\56\f71608602d76984ef3a548d16f0a86150abf60' -> 'C:\wamp64\www\continentalWeb\.git\objects\56\f71608602d76984ef3a548d16f0a86150abf60'
Create Folder 'C:\wamp64\www\continentalWeb\.git\objects\5b'
Copy New 'C:\Users\Randy\OneDrive\Documents\GitHub\Continental Web\.git\objects\5b\6bdff8fd4b3d1d1e251f2cb22949faf5b81df0' -> 'C:\wamp64\www\continentalWeb\.git\objects\5b\6bdff8fd4b3d1d1e251f2cb22949faf5b81df0'
Copy New 'C:\Users\Randy\OneDrive\Documents\GitHub\Continental Web\.git\objects\5b\f08493512e2b89698c903234055f27457a7256' -> 'C:\wamp64\www\continentalWeb\.git\objects\5b\f08493512e2b89698c903234055f27457a7256'
Create Folder 'C:\wamp64\www\continentalWeb\.git\objects\63'
Copy New 'C:\Users\Randy\OneDrive\Documents\GitHub\Continental Web\.git\objects\63\0822a6103c4304157db5c7499167bb11684553' -> 'C:\wamp64\www\continentalWeb\.git\objects\63\0822a6103c4304157db5c7499167bb11684553'
Create Folder 'C:\wamp64\www\continentalWeb\.git\objects\64'
Copy New 'C:\Users\Randy\OneDrive\Documents\GitHub\Continental Web\.git\objects\64\ad9b3ecf8ade5ae531c0e3a6d3ee980a94e6d5' -> 'C:\wamp64\www\continentalWeb\.git\objects\64\ad9b3ecf8ade5ae531c0e3a6d3ee980a94e6d5'
Create Folder 'C:\wamp64\www\continentalWeb\.git\objects\65'
Copy New 'C:\Users\Randy\OneDrive\Documents\GitHub\Continental Web\.git\objects\65\bb0b6e6460a0c13a9f15ba05369a87c342c97d' -> 'C:\wamp64\www\continentalWeb\.git\objects\65\bb0b6e6460a0c13a9f15ba05369a87c342c97d'
Create Folder 'C:\wamp64\www\continentalWeb\.git\objects\66'
Copy New 'C:\Users\Randy\OneDrive\Documents\GitHub\Continental Web\.git\objects\66\4e46f71bb461548bc80dfa36625c8e9398db5f' -> 'C:\wamp64\www\continentalWeb\.git\objects\66\4e46f71bb461548bc80dfa36625c8e9398db5f'
Copy New 'C:\Users\Randy\OneDrive\Documents\GitHub\Continental Web\.git\objects\66\d90eaefc4be2face3b3958e344bf4130920812' -> 'C:\wamp64\www\continentalWeb\.git\objects\66\d90eaefc4be2face3b3958e344bf4130920812'
Create Folder 'C:\wamp64\www\continentalWeb\.git\objects\67'
Copy New 'C:\Users\Randy\OneDrive\Documents\GitHub\Continental Web\.git\objects\67\06753a0a623d7adc7a15d95d18588ddf8a7ba4' -> 'C:\wamp64\www\continentalWeb\.git\objects\67\06753a0a623d7adc7a15d95d18588ddf8a7ba4'
Copy New 'C:\Users\Randy\OneDrive\Documents\GitHub\Continental Web\.git\objects\67\db4b6e43d7cd6ef47b456b0ef5647e7992a8d7' -> 'C:\wamp64\www\continentalWeb\.git\objects\67\db4b6e43d7cd6ef47b456b0ef5647e7992a8d7'
Create Folder 'C:\wamp64\www\continentalWeb\.git\objects\6b'
Copy New 'C:\Users\Randy\OneDrive\Documents\GitHub\Continental Web\.git\objects\6b\5b0c219585e83fb5b486ab6fdf685452a5520d' -> 'C:\wamp64\www\continentalWeb\.git\objects\6b\5b0c219585e83fb5b486ab6fdf685452a5520d'
Create Folder 'C:\wamp64\www\continentalWeb\.git\objects\6d'
Copy New 'C:\Users\Randy\OneDrive\Documents\GitHub\Continental Web\.git\objects\6d\46cead526a98552677ea5c2d2412f66f500e0f' -> 'C:\wamp64\www\continentalWeb\.git\objects\6d\46cead526a98552677ea5c2d2412f66f500e0f'
Create Folder 'C:\wamp64\www\continentalWeb\.git\objects\70'
Copy New 'C:\Users\Randy\OneDrive\Documents\GitHub\Continental Web\.git\objects\70\11a07e04e18e22186edcf179e1b6d7d34ce7b0' -> 'C:\wamp64\www\continentalWeb\.git\objects\70\11a07e04e18e22186edcf179e1b6d7d34ce7b0'
Create Folder 'C:\wamp64\www\continentalWeb\.git\objects\71'
Copy New 'C:\Users\Randy\OneDrive\Documents\GitHub\Continental Web\.git\objects\71\5298b710bb50ef1687f325a22a71fc58767f52' -> 'C:\wamp64\www\continentalWeb\.git\objects\71\5298b710bb50ef1687f325a22a71fc58767f52'
Copy New 'C:\Users\Randy\OneDrive\Documents\GitHub\Continental Web\.git\objects\71\a2d7469254b11c9ffcee1b29150cfda5a44f1a' -> 'C:\wamp64\www\continentalWeb\.git\objects\71\a2d7469254b11c9ffcee1b29150cfda5a44f1a'
Create Folder 'C:\wamp64\www\continentalWeb\.git\objects\74'
Copy New 'C:\Users\Randy\OneDrive\Documents\GitHub\Continental Web\.git\objects\74\b8080e2a628f689b4a62dba833c14e91b52c3d' -> 'C:\wamp64\www\continentalWeb\.git\objects\74\b8080e2a628f689b4a62dba833c14e91b52c3d'
Create Folder 'C:\wamp64\www\continentalWeb\.git\objects\75'
Copy New 'C:\Users\Randy\OneDrive\Documents\GitHub\Continental Web\.git\objects\75\9061d8cb34c29c0ad375242c0d899781ff75f9' -> 'C:\wamp64\www\continentalWeb\.git\objects\75\9061d8cb34c29c0ad375242c0d899781ff75f9'
Create Folder 'C:\wamp64\www\continentalWeb\.git\objects\77'
Copy New 'C:\Users\Randy\OneDrive\Documents\GitHub\Continental Web\.git\objects\77\221642bd40d322a3cc920473ba92c16439256b' -> 'C:\wamp64\www\continentalWeb\.git\objects\77\221642bd40d322a3cc920473ba92c16439256b'
Copy New 'C:\Users\Randy\OneDrive\Documents\GitHub\Continental Web\.git\objects\77\3e7e3abb651548ca2355be6173870d3c3b1948' -> 'C:\wamp64\www\continentalWeb\.git\objects\77\3e7e3abb651548ca2355be6173870d3c3b1948'
Create Folder 'C:\wamp64\www\continentalWeb\.git\objects\78'
Copy New 'C:\Users\Randy\OneDrive\Documents\GitHub\Continental Web\.git\objects\78\dfb464e01f8eeac849b6c15c1049ddadb7ce56' -> 'C:\wamp64\www\continentalWeb\.git\objects\78\dfb464e01f8eeac849b6c15c1049ddadb7ce56'
Create Folder 'C:\wamp64\www\continentalWeb\.git\objects\79'
Copy New 'C:\Users\Randy\OneDrive\Documents\GitHub\Continental Web\.git\objects\79\3d11d51b2bd3c88dd6c7bf62ee0a2820f82836' -> 'C:\wamp64\www\continentalWeb\.git\objects\79\3d11d51b2bd3c88dd6c7bf62ee0a2820f82836'
Copy New 'C:\Users\Randy\OneDrive\Documents\GitHub\Continental Web\.git\objects\79\a087b6886fef608946d14b7725d9b5a0fd10e1' -> 'C:\wamp64\www\continentalWeb\.git\objects\79\a087b6886fef608946d14b7725d9b5a0fd10e1'
Create Folder 'C:\wamp64\www\continentalWeb\.git\objects\7a'
Copy New 'C:\Users\Randy\OneDrive\Documents\GitHub\Continental Web\.git\objects\7a\78c5181e117ccd5ccc3b743d8fa11dc68a2848' -> 'C:\wamp64\www\continentalWeb\.git\objects\7a\78c5181e117ccd5ccc3b743d8fa11dc68a2848'
Create Folder 'C:\wamp64\www\continentalWeb\.git\objects\7c'
Copy New 'C:\Users\Randy\OneDrive\Documents\GitHub\Continental Web\.git\objects\7c\4a4a3ccd3c4ff5a33bd5b5e149640e52b828c7' -> 'C:\wamp64\www\continentalWeb\.git\objects\7c\4a4a3ccd3c4ff5a33bd5b5e149640e52b828c7'
Create Folder 'C:\wamp64\www\continentalWeb\.git\objects\7d'
Copy New 'C:\Users\Randy\OneDrive\Documents\GitHub\Continental Web\.git\objects\7d\410f83f84b412ec42f50f90d4ad5492e79ed24' -> 'C:\wamp64\www\continentalWeb\.git\objects\7d\410f83f84b412ec42f50f90d4ad5492e79ed24'
Copy New 'C:\Users\Randy\OneDrive\Documents\GitHub\Continental Web\.git\objects\7d\aef1960e66ade948f29bd2a516a924783912cb' -> 'C:\wamp64\www\continentalWeb\.git\objects\7d\aef1960e66ade948f29bd2a516a924783912cb'
Create Folder 'C:\wamp64\www\continentalWeb\.git\objects\80'
Copy New 'C:\Users\Randy\OneDrive\Documents\GitHub\Continental Web\.git\objects\80\12e94f23a5ea20314c63a86fa4b386db4cdb4e' -> 'C:\wamp64\www\continentalWeb\.git\objects\80\12e94f23a5ea20314c63a86fa4b386db4cdb4e'
Create Folder 'C:\wamp64\www\continentalWeb\.git\objects\81'
Copy New 'C:\Users\Randy\OneDrive\Documents\GitHub\Continental Web\.git\objects\81\06279aa9dab079bc2474f47196574f8019b0cd' -> 'C:\wamp64\www\continentalWeb\.git\objects\81\06279aa9dab079bc2474f47196574f8019b0cd'
Copy New 'C:\Users\Randy\OneDrive\Documents\GitHub\Continental Web\.git\objects\81\89f60fbf87b958d5ada738bb99a7f53c39c8cb' -> 'C:\wamp64\www\continentalWeb\.git\objects\81\89f60fbf87b958d5ada738bb99a7f53c39c8cb'
Create Folder 'C:\wamp64\www\continentalWeb\.git\objects\82'
Copy New 'C:\Users\Randy\OneDrive\Documents\GitHub\Continental Web\.git\objects\82\d7ca308147b9ded2d6d61879c8a5dbab1f7e41' -> 'C:\wamp64\www\continentalWeb\.git\objects\82\d7ca308147b9ded2d6d61879c8a5dbab1f7e41'
Create Folder 'C:\wamp64\www\continentalWeb\.git\objects\83'
Copy New 'C:\Users\Randy\OneDrive\Documents\GitHub\Continental Web\.git\objects\83\499bb322c9400079aace1022530d78aa732700' -> 'C:\wamp64\www\continentalWeb\.git\objects\83\499bb322c9400079aace1022530d78aa732700'
Copy New 'C:\Users\Randy\OneDrive\Documents\GitHub\Continental Web\.git\objects\83\fb3fa450e58d5992212046b82ceec30422f34f' -> 'C:\wamp64\www\continentalWeb\.git\objects\83\fb3fa450e58d5992212046b82ceec30422f34f'
Create Folder 'C:\wamp64\www\continentalWeb\.git\objects\85'
Copy New 'C:\Users\Randy\OneDrive\Documents\GitHub\Continental Web\.git\objects\85\e13afc764a54e1287bebdff42d158099f89aa9' -> 'C:\wamp64\www\continentalWeb\.git\objects\85\e13afc764a54e1287bebdff42d158099f89aa9'
Create Folder 'C:\wamp64\www\continentalWeb\.git\objects\86'
Copy New 'C:\Users\Randy\OneDrive\Documents\GitHub\Continental Web\.git\objects\86\504b4e158fbadedb3634b4487648a44a08da62' -> 'C:\wamp64\www\continentalWeb\.git\objects\86\504b4e158fbadedb3634b4487648a44a08da62'
Create Folder 'C:\wamp64\www\continentalWeb\.git\objects\89'
Copy New 'C:\Users\Randy\OneDrive\Documents\GitHub\Continental Web\.git\objects\89\e80dd2221367ef18e443428293a0a50d0bc39d' -> 'C:\wamp64\www\continentalWeb\.git\objects\89\e80dd2221367ef18e443428293a0a50d0bc39d'
Create Folder 'C:\wamp64\www\continentalWeb\.git\objects\8b'
Copy New 'C:\Users\Randy\OneDrive\Documents\GitHub\Continental Web\.git\objects\8b\691c1765d634faf17bc172185667d98264d37e' -> 'C:\wamp64\www\continentalWeb\.git\objects\8b\691c1765d634faf17bc172185667d98264d37e'
Create Folder 'C:\wamp64\www\continentalWeb\.git\objects\8c'
Copy New 'C:\Users\Randy\OneDrive\Documents\GitHub\Continental Web\.git\objects\8c\6e4dc8d4a782b3f024100e869be980ce16e636' -> 'C:\wamp64\www\continentalWeb\.git\objects\8c\6e4dc8d4a782b3f024100e869be980ce16e636'
Create Folder 'C:\wamp64\www\continentalWeb\.git\objects\8d'
Copy New 'C:\Users\Randy\OneDrive\Documents\GitHub\Continental Web\.git\objects\8d\92946a5040faf7d4ef01cd2374a76cfcea7d15' -> 'C:\wamp64\www\continentalWeb\.git\objects\8d\92946a5040faf7d4ef01cd2374a76cfcea7d15'
Create Folder 'C:\wamp64\www\continentalWeb\.git\objects\8f'
Copy New 'C:\Users\Randy\OneDrive\Documents\GitHub\Continental Web\.git\objects\8f\0d1b9424adbb2e13b591a5a4d9829188b7ed10' -> 'C:\wamp64\www\continentalWeb\.git\objects\8f\0d1b9424adbb2e13b591a5a4d9829188b7ed10'
Copy New 'C:\Users\Randy\OneDrive\Documents\GitHub\Continental Web\.git\objects\8f\9fc147a8b3415480ebf88b13a4b0f4ee590f02' -> 'C:\wamp64\www\continentalWeb\.git\objects\8f\9fc147a8b3415480ebf88b13a4b0f4ee590f02'
Copy New 'C:\Users\Randy\OneDrive\Documents\GitHub\Continental Web\.git\objects\8f\a7bf03d971f0aec8c61f0a6945da1040b3d90f' -> 'C:\wamp64\www\continentalWeb\.git\objects\8f\a7bf03d971f0aec8c61f0a6945da1040b3d90f'
Create Folder 'C:\wamp64\www\continentalWeb\.git\objects\91'
Copy New 'C:\Users\Randy\OneDrive\Documents\GitHub\Continental Web\.git\objects\91\3363df992633f20b6bdd6abb375d4054ee4d56' -> 'C:\wamp64\www\continentalWeb\.git\objects\91\3363df992633f20b6bdd6abb375d4054ee4d56'
Create Folder 'C:\wamp64\www\continentalWeb\.git\objects\92'
Copy New 'C:\Users\Randy\OneDrive\Documents\GitHub\Continental Web\.git\objects\92\846b9b032bd45a711f96fcea3cd6ffbe97256c' -> 'C:\wamp64\www\continentalWeb\.git\objects\92\846b9b032bd45a711f96fcea3cd6ffbe97256c'
Create Folder 'C:\wamp64\www\continentalWeb\.git\objects\98'
Copy New 'C:\Users\Randy\OneDrive\Documents\GitHub\Continental Web\.git\objects\98\23ebce9aee97502ae25fab558b4f2828c4650a' -> 'C:\wamp64\www\continentalWeb\.git\objects\98\23ebce9aee97502ae25fab558b4f2828c4650a'
Create Folder 'C:\wamp64\www\continentalWeb\.git\objects\99'
Copy New 'C:\Users\Randy\OneDrive\Documents\GitHub\Continental Web\.git\objects\99\513f68e9fb37bebab7ea840aa27f5539faf80a' -> 'C:\wamp64\www\continentalWeb\.git\objects\99\513f68e9fb37bebab7ea840aa27f5539faf80a'
Create Folder 'C:\wamp64\www\continentalWeb\.git\objects\9c'
Copy New 'C:\Users\Randy\OneDrive\Documents\GitHub\Continental Web\.git\objects\9c\3aeafb3c73605c45090ad14c8db6a65cbd0ac1' -> 'C:\wamp64\www\continentalWeb\.git\objects\9c\3aeafb3c73605c45090ad14c8db6a65cbd0ac1'
Copy New 'C:\Users\Randy\OneDrive\Documents\GitHub\Continental Web\.git\objects\9c\a0f1efe995e66d03d269abb6b496cf26d0cc26' -> 'C:\wamp64\www\continentalWeb\.git\objects\9c\a0f1efe995e66d03d269abb6b496cf26d0cc26'
Create Folder 'C:\wamp64\www\continentalWeb\.git\objects\a0'
Copy New 'C:\Users\Randy\OneDrive\Documents\GitHub\Continental Web\.git\objects\a0\15237ffbc4dc42491861f7625f714c77b3db76' -> 'C:\wamp64\www\continentalWeb\.git\objects\a0\15237ffbc4dc42491861f7625f714c77b3db76'
Create Folder 'C:\wamp64\www\continentalWeb\.git\objects\a2'
Copy New 'C:\Users\Randy\OneDrive\Documents\GitHub\Continental Web\.git\objects\a2\84663623e63cd822258f07a47db65c8ff1d2c8' -> 'C:\wamp64\www\continentalWeb\.git\objects\a2\84663623e63cd822258f07a47db65c8ff1d2c8'
Create Folder 'C:\wamp64\www\continentalWeb\.git\objects\a5'
Copy New 'C:\Users\Randy\OneDrive\Documents\GitHub\Continental Web\.git\objects\a5\85b31f151d14248592302efb17879ea8578db9' -> 'C:\wamp64\www\continentalWeb\.git\objects\a5\85b31f151d14248592302efb17879ea8578db9'
Create Folder 'C:\wamp64\www\continentalWeb\.git\objects\ac'
Copy New 'C:\Users\Randy\OneDrive\Documents\GitHub\Continental Web\.git\objects\ac\e5cd5955843e8eb5789b17a103310a6565e096' -> 'C:\wamp64\www\continentalWeb\.git\objects\ac\e5cd5955843e8eb5789b17a103310a6565e096'
Create Folder 'C:\wamp64\www\continentalWeb\.git\objects\ad'
Copy New 'C:\Users\Randy\OneDrive\Documents\GitHub\Continental Web\.git\objects\ad\479bd39354f62e7f1e5a0d20a58a6956fe286b' -> 'C:\wamp64\www\continentalWeb\.git\objects\ad\479bd39354f62e7f1e5a0d20a58a6956fe286b'
Create Folder 'C:\wamp64\www\continentalWeb\.git\objects\ae'
Copy New 'C:\Users\Randy\OneDrive\Documents\GitHub\Continental Web\.git\objects\ae\a711ade99da8f963d41409ca491783b64dafc5' -> 'C:\wamp64\www\continentalWeb\.git\objects\ae\a711ade99da8f963d41409ca491783b64dafc5'
Create Folder 'C:\wamp64\www\continentalWeb\.git\objects\b4'
Copy New 'C:\Users\Randy\OneDrive\Documents\GitHub\Continental Web\.git\objects\b4\2251fd287e4b7462458594b3c1638c5197430a' -> 'C:\wamp64\www\continentalWeb\.git\objects\b4\2251fd287e4b7462458594b3c1638c5197430a'
Copy New 'C:\Users\Randy\OneDrive\Documents\GitHub\Continental Web\.git\objects\b4\3018c998786847fa5df7d57b589d6bbec59a6c' -> 'C:\wamp64\www\continentalWeb\.git\objects\b4\3018c998786847fa5df7d57b589d6bbec59a6c'
Create Folder 'C:\wamp64\www\continentalWeb\.git\objects\b6'
Copy New 'C:\Users\Randy\OneDrive\Documents\GitHub\Continental Web\.git\objects\b6\f3716d89c1829d0863a761b22b7869839709a6' -> 'C:\wamp64\www\continentalWeb\.git\objects\b6\f3716d89c1829d0863a761b22b7869839709a6'
Create Folder 'C:\wamp64\www\continentalWeb\.git\objects\b8'
Copy New 'C:\Users\Randy\OneDrive\Documents\GitHub\Continental Web\.git\objects\b8\708bc7b41b8737b6dba142bc74c1ff386131a4' -> 'C:\wamp64\www\continentalWeb\.git\objects\b8\708bc7b41b8737b6dba142bc74c1ff386131a4'
Create Folder 'C:\wamp64\www\continentalWeb\.git\objects\b9'
Copy New 'C:\Users\Randy\OneDrive\Documents\GitHub\Continental Web\.git\objects\b9\ebe44780755f2cf6b726f4752e12e18c18100d' -> 'C:\wamp64\www\continentalWeb\.git\objects\b9\ebe44780755f2cf6b726f4752e12e18c18100d'
Create Folder 'C:\wamp64\www\continentalWeb\.git\objects\ba'
Copy New 'C:\Users\Randy\OneDrive\Documents\GitHub\Continental Web\.git\objects\ba\f2ad3c42a85bbc9b65f9af63f4d6b0ddc4c596' -> 'C:\wamp64\www\continentalWeb\.git\objects\ba\f2ad3c42a85bbc9b65f9af63f4d6b0ddc4c596'
Create Folder 'C:\wamp64\www\continentalWeb\.git\objects\be'
Copy New 'C:\Users\Randy\OneDrive\Documents\GitHub\Continental Web\.git\objects\be\5a64636cbdcb67c8617556c8e00e9243b71333' -> 'C:\wamp64\www\continentalWeb\.git\objects\be\5a64636cbdcb67c8617556c8e00e9243b71333'
Create Folder 'C:\wamp64\www\continentalWeb\.git\objects\c0'
Copy New 'C:\Users\Randy\OneDrive\Documents\GitHub\Continental Web\.git\objects\c0\c49a2b80c44c3cff737dab24576e9e9e96db0c' -> 'C:\wamp64\www\continentalWeb\.git\objects\c0\c49a2b80c44c3cff737dab24576e9e9e96db0c'
Create Folder 'C:\wamp64\www\continentalWeb\.git\objects\c2'
Copy New 'C:\Users\Randy\OneDrive\Documents\GitHub\Continental Web\.git\objects\c2\16b6d3fbb7341df3b2484c83137b506ce7d4ba' -> 'C:\wamp64\www\continentalWeb\.git\objects\c2\16b6d3fbb7341df3b2484c83137b506ce7d4ba'
Create Folder 'C:\wamp64\www\continentalWeb\.git\objects\c4'
Copy New 'C:\Users\Randy\OneDrive\Documents\GitHub\Continental Web\.git\objects\c4\5615f7339aea4c0c1c6a54f529e5763d04d364' -> 'C:\wamp64\www\continentalWeb\.git\objects\c4\5615f7339aea4c0c1c6a54f529e5763d04d364'
Create Folder 'C:\wamp64\www\continentalWeb\.git\objects\c5'
Copy New 'C:\Users\Randy\OneDrive\Documents\GitHub\Continental Web\.git\objects\c5\87b37d3502cbb1be507cd262c88700b41f97d0' -> 'C:\wamp64\www\continentalWeb\.git\objects\c5\87b37d3502cbb1be507cd262c88700b41f97d0'
Create Folder 'C:\wamp64\www\continentalWeb\.git\objects\c7'
Copy New 'C:\Users\Randy\OneDrive\Documents\GitHub\Continental Web\.git\objects\c7\cf9909e283bc4fa2dff03e02d7749c00547d7c' -> 'C:\wamp64\www\continentalWeb\.git\objects\c7\cf9909e283bc4fa2dff03e02d7749c00547d7c'
Create Folder 'C:\wamp64\www\continentalWeb\.git\objects\c8'
Copy New 'C:\Users\Randy\OneDrive\Documents\GitHub\Continental Web\.git\objects\c8\cf55f8054f2e618615c2d90b100364323a5031' -> 'C:\wamp64\www\continentalWeb\.git\objects\c8\cf55f8054f2e618615c2d90b100364323a5031'
Create Folder 'C:\wamp64\www\continentalWeb\.git\objects\c9'
Copy New 'C:\Users\Randy\OneDrive\Documents\GitHub\Continental Web\.git\objects\c9\049f3ebaf02471782dfdb8358424eeca59ba60' -> 'C:\wamp64\www\continentalWeb\.git\objects\c9\049f3ebaf02471782dfdb8358424eeca59ba60'
Copy New 'C:\Users\Randy\OneDrive\Documents\GitHub\Continental Web\.git\objects\c9\c2eeecec10386872b2cd6c45ab700ff49080ae' -> 'C:\wamp64\www\continentalWeb\.git\objects\c9\c2eeecec10386872b2cd6c45ab700ff49080ae'
Create Folder 'C:\wamp64\www\continentalWeb\.git\objects\ca'
Copy New 'C:\Users\Randy\OneDrive\Documents\GitHub\Continental Web\.git\objects\ca\cfe251c54fabfeb0ca745dd6e183a3d11787ab' -> 'C:\wamp64\www\continentalWeb\.git\objects\ca\cfe251c54fabfeb0ca745dd6e183a3d11787ab'
Create Folder 'C:\wamp64\www\continentalWeb\.git\objects\cb'
Copy New 'C:\Users\Randy\OneDrive\Documents\GitHub\Continental Web\.git\objects\cb\c678f4dec78ba885676e3d28561aed7c511d7c' -> 'C:\wamp64\www\continentalWeb\.git\objects\cb\c678f4dec78ba885676e3d28561aed7c511d7c'
Create Folder 'C:\wamp64\www\continentalWeb\.git\objects\cd'
Copy New 'C:\Users\Randy\OneDrive\Documents\GitHub\Continental Web\.git\objects\cd\c6d8f650b65e106911a8f166dce6c0aa091054' -> 'C:\wamp64\www\continentalWeb\.git\objects\cd\c6d8f650b65e106911a8f166dce6c0aa091054'
Create Folder 'C:\wamp64\www\continentalWeb\.git\objects\cf'
Copy New 'C:\Users\Randy\OneDrive\Documents\GitHub\Continental Web\.git\objects\cf\9af30607bc3c7d62bb5641f64e1f4f24734d49' -> 'C:\wamp64\www\continentalWeb\.git\objects\cf\9af30607bc3c7d62bb5641f64e1f4f24734d49'
Create Folder 'C:\wamp64\www\continentalWeb\.git\objects\d0'
Copy New 'C:\Users\Randy\OneDrive\Documents\GitHub\Continental Web\.git\objects\d0\1366582a2d406fb45b5e96c52fc17e9e583780' -> 'C:\wamp64\www\continentalWeb\.git\objects\d0\1366582a2d406fb45b5e96c52fc17e9e583780'
Create Folder 'C:\wamp64\www\continentalWeb\.git\objects\d2'
Copy New 'C:\Users\Randy\OneDrive\Documents\GitHub\Continental Web\.git\objects\d2\dd78ae60ad4005f4aea0c5f3bce67426358e90' -> 'C:\wamp64\www\continentalWeb\.git\objects\d2\dd78ae60ad4005f4aea0c5f3bce67426358e90'
Create Folder 'C:\wamp64\www\continentalWeb\.git\objects\d4'
Copy New 'C:\Users\Randy\OneDrive\Documents\GitHub\Continental Web\.git\objects\d4\4c13371c219b5d9b25ec175a2afa97eb1bc708' -> 'C:\wamp64\www\continentalWeb\.git\objects\d4\4c13371c219b5d9b25ec175a2afa97eb1bc708'
Create Folder 'C:\wamp64\www\continentalWeb\.git\objects\d5'
Copy New 'C:\Users\Randy\OneDrive\Documents\GitHub\Continental Web\.git\objects\d5\6f327a0bf49931e350aa9606221dea92a41e38' -> 'C:\wamp64\www\continentalWeb\.git\objects\d5\6f327a0bf49931e350aa9606221dea92a41e38'
Create Folder 'C:\wamp64\www\continentalWeb\.git\objects\d6'
Copy New 'C:\Users\Randy\OneDrive\Documents\GitHub\Continental Web\.git\objects\d6\913d431d5961b91efc29b266e93b25bd1cac28' -> 'C:\wamp64\www\continentalWeb\.git\objects\d6\913d431d5961b91efc29b266e93b25bd1cac28'
Create Folder 'C:\wamp64\www\continentalWeb\.git\objects\d8'
Copy New 'C:\Users\Randy\OneDrive\Documents\GitHub\Continental Web\.git\objects\d8\f5463ad2dac99a74d0f3987b94eda8bff38c5d' -> 'C:\wamp64\www\continentalWeb\.git\objects\d8\f5463ad2dac99a74d0f3987b94eda8bff38c5d'
Copy New 'C:\Users\Randy\OneDrive\Documents\GitHub\Continental Web\.git\objects\d8\f91d40fe0f05f4827fea625fff11f1936e7070' -> 'C:\wamp64\www\continentalWeb\.git\objects\d8\f91d40fe0f05f4827fea625fff11f1936e7070'
Create Folder 'C:\wamp64\www\continentalWeb\.git\objects\dc'
Copy New 'C:\Users\Randy\OneDrive\Documents\GitHub\Continental Web\.git\objects\dc\17ab552c61dd1fb31bde7fa00a2d1f6a4190a8' -> 'C:\wamp64\www\continentalWeb\.git\objects\dc\17ab552c61dd1fb31bde7fa00a2d1f6a4190a8'
Create Folder 'C:\wamp64\www\continentalWeb\.git\objects\dd'
Copy New 'C:\Users\Randy\OneDrive\Documents\GitHub\Continental Web\.git\objects\dd\47b5986626ce28a6de414dbb5bce70c37d8ba4' -> 'C:\wamp64\www\continentalWeb\.git\objects\dd\47b5986626ce28a6de414dbb5bce70c37d8ba4'
Create Folder 'C:\wamp64\www\continentalWeb\.git\objects\df'
Copy New 'C:\Users\Randy\OneDrive\Documents\GitHub\Continental Web\.git\objects\df\b649994a602a0ff905266c3e1c46d23a6e9189' -> 'C:\wamp64\www\continentalWeb\.git\objects\df\b649994a602a0ff905266c3e1c46d23a6e9189'
Create Folder 'C:\wamp64\www\continentalWeb\.git\objects\e3'
Copy New 'C:\Users\Randy\OneDrive\Documents\GitHub\Continental Web\.git\objects\e3\4c8b85b820d222533b420632c2f7fee941f79c' -> 'C:\wamp64\www\continentalWeb\.git\objects\e3\4c8b85b820d222533b420632c2f7fee941f79c'
Copy New 'C:\Users\Randy\OneDrive\Documents\GitHub\Continental Web\.git\objects\e3\5231889bddf350fd4e88ca1e6a32fe2b4442f9' -> 'C:\wamp64\www\continentalWeb\.git\objects\e3\5231889bddf350fd4e88ca1e6a32fe2b4442f9'
Create Folder 'C:\wamp64\www\continentalWeb\.git\objects\e6'
Copy New 'C:\Users\Randy\OneDrive\Documents\GitHub\Continental Web\.git\objects\e6\234e2265b8b4bfb2d72686b0760c75efb786d9' -> 'C:\wamp64\www\continentalWeb\.git\objects\e6\234e2265b8b4bfb2d72686b0760c75efb786d9'
Copy New 'C:\Users\Randy\OneDrive\Documents\GitHub\Continental Web\.git\objects\e6\8015ed67288e945a85497b2749171f03d0fe43' -> 'C:\wamp64\www\continentalWeb\.git\objects\e6\8015ed67288e945a85497b2749171f03d0fe43'
Create Folder 'C:\wamp64\www\continentalWeb\.git\objects\e7'
Copy New 'C:\Users\Randy\OneDrive\Documents\GitHub\Continental Web\.git\objects\e7\24400e8f85f560f089e8fe08576c8d330acd0d' -> 'C:\wamp64\www\continentalWeb\.git\objects\e7\24400e8f85f560f089e8fe08576c8d330acd0d'
Create Folder 'C:\wamp64\www\continentalWeb\.git\objects\e9'
Copy New 'C:\Users\Randy\OneDrive\Documents\GitHub\Continental Web\.git\objects\e9\1c44dd4c28496b0910364a1330a49075decfab' -> 'C:\wamp64\www\continentalWeb\.git\objects\e9\1c44dd4c28496b0910364a1330a49075decfab'
Copy New 'C:\Users\Randy\OneDrive\Documents\GitHub\Continental Web\.git\objects\e9\22b95df9cfe5556429ba34584a86ea66051a25' -> 'C:\wamp64\www\continentalWeb\.git\objects\e9\22b95df9cfe5556429ba34584a86ea66051a25'
Copy New 'C:\Users\Randy\OneDrive\Documents\GitHub\Continental Web\.git\objects\e9\d79d79cc4a82f05785a01a0aea387aac90f115' -> 'C:\wamp64\www\continentalWeb\.git\objects\e9\d79d79cc4a82f05785a01a0aea387aac90f115'
Create Folder 'C:\wamp64\www\continentalWeb\.git\objects\eb'
Copy New 'C:\Users\Randy\OneDrive\Documents\GitHub\Continental Web\.git\objects\eb\0c09b50d29972c3b987b71c85a056adf611500' -> 'C:\wamp64\www\continentalWeb\.git\objects\eb\0c09b50d29972c3b987b71c85a056adf611500'
Copy New 'C:\Users\Randy\OneDrive\Documents\GitHub\Continental Web\.git\objects\eb\776e6972d2971e0c18c01b0b2bd4861a64fb44' -> 'C:\wamp64\www\continentalWeb\.git\objects\eb\776e6972d2971e0c18c01b0b2bd4861a64fb44'
Create Folder 'C:\wamp64\www\continentalWeb\.git\objects\ec'
Copy New 'C:\Users\Randy\OneDrive\Documents\GitHub\Continental Web\.git\objects\ec\ce5c7c4165a56ca7d323d456e5474ae81a1bbb' -> 'C:\wamp64\www\continentalWeb\.git\objects\ec\ce5c7c4165a56ca7d323d456e5474ae81a1bbb'
Create Folder 'C:\wamp64\www\continentalWeb\.git\objects\ed'
Copy New 'C:\Users\Randy\OneDrive\Documents\GitHub\Continental Web\.git\objects\ed\85f9bd5ba609d245a39740de537a878a41b969' -> 'C:\wamp64\www\continentalWeb\.git\objects\ed\85f9bd5ba609d245a39740de537a878a41b969'
Create Folder 'C:\wamp64\www\continentalWeb\.git\objects\f0'
Copy New 'C:\Users\Randy\OneDrive\Documents\GitHub\Continental Web\.git\objects\f0\05f3cf9b1dc0937cb2aec3f83e26f6153238bb' -> 'C:\wamp64\www\continentalWeb\.git\objects\f0\05f3cf9b1dc0937cb2aec3f83e26f6153238bb'
Copy New 'C:\Users\Randy\OneDrive\Documents\GitHub\Continental Web\.git\objects\f0\2c57dbe0174c2f8284983ad31766f10ebae7b8' -> 'C:\wamp64\www\continentalWeb\.git\objects\f0\2c57dbe0174c2f8284983ad31766f10ebae7b8'
Copy New 'C:\Users\Randy\OneDrive\Documents\GitHub\Continental Web\.git\objects\f0\d21f6451416c7d4ac0e04170ffdf1414019d87' -> 'C:\wamp64\www\continentalWeb\.git\objects\f0\d21f6451416c7d4ac0e04170ffdf1414019d87'
Create Folder 'C:\wamp64\www\continentalWeb\.git\objects\f1'
Copy New 'C:\Users\Randy\OneDrive\Documents\GitHub\Continental Web\.git\objects\f1\30361f3f6db301ba28bdb462c635096a7c26f6' -> 'C:\wamp64\www\continentalWeb\.git\objects\f1\30361f3f6db301ba28bdb462c635096a7c26f6'
Create Folder 'C:\wamp64\www\continentalWeb\.git\objects\f2'
Copy New 'C:\Users\Randy\OneDrive\Documents\GitHub\Continental Web\.git\objects\f2\f774eeeb998926bf206451f40912e7eb2bb3e1' -> 'C:\wamp64\www\continentalWeb\.git\objects\f2\f774eeeb998926bf206451f40912e7eb2bb3e1'
Create Folder 'C:\wamp64\www\continentalWeb\.git\objects\f3'
Copy New 'C:\Users\Randy\OneDrive\Documents\GitHub\Continental Web\.git\objects\f3\087e9bb8b42b4edebcbf66a9f3dae1e2591af8' -> 'C:\wamp64\www\continentalWeb\.git\objects\f3\087e9bb8b42b4edebcbf66a9f3dae1e2591af8'
Create Folder 'C:\wamp64\www\continentalWeb\.git\objects\f4'
Copy New 'C:\Users\Randy\OneDrive\Documents\GitHub\Continental Web\.git\objects\f4\3e3ead377cc093a6ed1cc58a65d6be986ff777' -> 'C:\wamp64\www\continentalWeb\.git\objects\f4\3e3ead377cc093a6ed1cc58a65d6be986ff777'
Copy New 'C:\Users\Randy\OneDrive\Documents\GitHub\Continental Web\.git\objects\f4\b1c72abc4a76d31a2b8178ba3a47f13bad02bb' -> 'C:\wamp64\www\continentalWeb\.git\objects\f4\b1c72abc4a76d31a2b8178ba3a47f13bad02bb'
Create Folder 'C:\wamp64\www\continentalWeb\.git\objects\f5'
Copy New 'C:\Users\Randy\OneDrive\Documents\GitHub\Continental Web\.git\objects\f5\3bd815ffd2628b51ff9a3deed48d3329aed25c' -> 'C:\wamp64\www\continentalWeb\.git\objects\f5\3bd815ffd2628b51ff9a3deed48d3329aed25c'
Copy New 'C:\Users\Randy\OneDrive\Documents\GitHub\Continental Web\.git\objects\f5\8c63d996b9190f603781be6bfdab402232eae2' -> 'C:\wamp64\www\continentalWeb\.git\objects\f5\8c63d996b9190f603781be6bfdab402232eae2'
Create Folder 'C:\wamp64\www\continentalWeb\.git\objects\f9'
Copy New 'C:\Users\Randy\OneDrive\Documents\GitHub\Continental Web\.git\objects\f9\5f1bbf0fcbb045f14aa169aa7947a1c830f766' -> 'C:\wamp64\www\continentalWeb\.git\objects\f9\5f1bbf0fcbb045f14aa169aa7947a1c830f766'
Copy New 'C:\Users\Randy\OneDrive\Documents\GitHub\Continental Web\.git\objects\f9\7403e2d77d37aaa1efce9fa62985eef2baf83c' -> 'C:\wamp64\www\continentalWeb\.git\objects\f9\7403e2d77d37aaa1efce9fa62985eef2baf83c'
Create Folder 'C:\wamp64\www\continentalWeb\.git\objects\ff'
Copy New 'C:\Users\Randy\OneDrive\Documents\GitHub\Continental Web\.git\objects\ff\1b05c965d6103cc9fcedae276dd5de318cbc1c' -> 'C:\wamp64\www\continentalWeb\.git\objects\ff\1b05c965d6103cc9fcedae276dd5de318cbc1c'
Create Folder 'C:\wamp64\www\continentalWeb\.git\objects\info'
Create Folder 'C:\wamp64\www\continentalWeb\.git\objects\pack'
Create Folder 'C:\wamp64\www\continentalWeb\.git\refs'
Create Folder 'C:\wamp64\www\continentalWeb\.git\refs\heads'
Copy New 'C:\Users\Randy\OneDrive\Documents\GitHub\Continental Web\.git\refs\heads\master' -> 'C:\wamp64\www\continentalWeb\.git\refs\heads\master'
Create Folder 'C:\wamp64\www\continentalWeb\.git\refs\remotes'
Create Folder 'C:\wamp64\www\continentalWeb\.git\refs\remotes\Continentalweb'
Copy New 'C:\Users\Randy\OneDrive\Documents\GitHub\Continental Web\.git\refs\remotes\Continentalweb\master' -> 'C:\wamp64\www\continentalWeb\.git\refs\remotes\Continentalweb\master'
Create Folder 'C:\wamp64\www\continentalWeb\.git\refs\tags'
Copy New 'C:\Users\Randy\OneDrive\Documents\GitHub\Continental Web\.git\COMMIT_EDITMSG' -> 'C:\wamp64\www\continentalWeb\.git\COMMIT_EDITMSG'
Copy New 'C:\Users\Randy\OneDrive\Documents\GitHub\Continental Web\.git\config' -> 'C:\wamp64\www\continentalWeb\.git\config'
Copy New 'C:\Users\Randy\OneDrive\Documents\GitHub\Continental Web\.git\description' -> 'C:\wamp64\www\continentalWeb\.git\description'
Copy New 'C:\Users\Randy\OneDrive\Documents\GitHub\Continental Web\.git\FETCH_HEAD' -> 'C:\wamp64\www\continentalWeb\.git\FETCH_HEAD'
Copy New 'C:\Users\Randy\OneDrive\Documents\GitHub\Continental Web\.git\HEAD' -> 'C:\wamp64\www\continentalWeb\.git\HEAD'
Copy New 'C:\Users\Randy\OneDrive\Documents\GitHub\Continental Web\.git\index' -> 'C:\wamp64\www\continentalWeb\.git\index'
Copy New 'C:\Users\Randy\OneDrive\Documents\GitHub\Continental Web\.git\ORIG_HEAD' -> 'C:\wamp64\www\continentalWeb\.git\ORIG_HEAD'
Create Folder 'C:\wamp64\www\continentalWeb\images'
Create Folder 'C:\wamp64\www\continentalWeb\images\parts'
Copy New 'C:\Users\Randy\OneDrive\Documents\GitHub\Continental Web\images\parts\17251-R.jpg' -> 'C:\wamp64\www\continentalWeb\images\parts\17251-R.jpg'
Copy New 'C:\Users\Randy\OneDrive\Documents\GitHub\Continental Web\images\parts\17427-04.jpg' -> 'C:\wamp64\www\continentalWeb\images\parts\17427-04.jpg'
Copy New 'C:\Users\Randy\OneDrive\Documents\GitHub\Continental Web\images\parts\17975-00-V.jpg' -> 'C:\wamp64\www\continentalWeb\images\parts\17975-00-V.jpg'
Copy New 'C:\Users\Randy\OneDrive\Documents\GitHub\Continental Web\images\parts\30012347CT.jpg' -> 'C:\wamp64\www\continentalWeb\images\parts\30012347CT.jpg'
Copy New 'C:\Users\Randy\OneDrive\Documents\GitHub\Continental Web\images\parts\70110131P.jpg' -> 'C:\wamp64\www\continentalWeb\images\parts\70110131P.jpg'
Copy New 'C:\Users\Randy\OneDrive\Documents\GitHub\Continental Web\images\parts\71207-00.jpg' -> 'C:\wamp64\www\continentalWeb\images\parts\71207-00.jpg'
Copy New 'C:\Users\Randy\OneDrive\Documents\GitHub\Continental Web\images\parts\71643-00.jpg' -> 'C:\wamp64\www\continentalWeb\images\parts\71643-00.jpg'
Copy New 'C:\Users\Randy\OneDrive\Documents\GitHub\Continental Web\images\parts\71925-00(A).jpg' -> 'C:\wamp64\www\continentalWeb\images\parts\71925-00(A).jpg'
Copy New 'C:\Users\Randy\OneDrive\Documents\GitHub\Continental Web\images\parts\71925-00(B).jpg' -> 'C:\wamp64\www\continentalWeb\images\parts\71925-00(B).jpg'
Copy New 'C:\Users\Randy\OneDrive\Documents\GitHub\Continental Web\images\parts\71925-00.jpg' -> 'C:\wamp64\www\continentalWeb\images\parts\71925-00.jpg'
Copy New 'C:\Users\Randy\OneDrive\Documents\GitHub\Continental Web\images\parts\90432364.jpg' -> 'C:\wamp64\www\continentalWeb\images\parts\90432364.jpg'
Copy New 'C:\Users\Randy\OneDrive\Documents\GitHub\Continental Web\images\Approve_icon.svg' -> 'C:\wamp64\www\continentalWeb\images\Approve_icon.svg'
Copy New 'C:\Users\Randy\OneDrive\Documents\GitHub\Continental Web\images\back.png' -> 'C:\wamp64\www\continentalWeb\images\back.png'
Copy New 'C:\Users\Randy\OneDrive\Documents\GitHub\Continental Web\images\check.png' -> 'C:\wamp64\www\continentalWeb\images\check.png'
Copy New 'C:\Users\Randy\OneDrive\Documents\GitHub\Continental Web\images\CQELogoB.png' -> 'C:\wamp64\www\continentalWeb\images\CQELogoB.png'
Copy New 'C:\Users\Randy\OneDrive\Documents\GitHub\Continental Web\images\home.png' -> 'C:\wamp64\www\continentalWeb\images\home.png'
Copy New 'C:\Users\Randy\OneDrive\Documents\GitHub\Continental Web\images\hot.png' -> 'C:\wamp64\www\continentalWeb\images\hot.png'
Copy New 'C:\Users\Randy\OneDrive\Documents\GitHub\Continental Web\images\Liste.svg' -> 'C:\wamp64\www\continentalWeb\images\Liste.svg'
Copy New 'C:\Users\Randy\OneDrive\Documents\GitHub\Continental Web\images\parts.jpg' -> 'C:\wamp64\www\continentalWeb\images\parts.jpg'
Copy New 'C:\Users\Randy\OneDrive\Documents\GitHub\Continental Web\images\Q-Welcome.gif' -> 'C:\wamp64\www\continentalWeb\images\Q-Welcome.gif'
Copy New 'C:\Users\Randy\OneDrive\Documents\GitHub\Continental Web\images\receiving.jpg' -> 'C:\wamp64\www\continentalWeb\images\receiving.jpg'
Copy New 'C:\Users\Randy\OneDrive\Documents\GitHub\Continental Web\images\save-continue.png' -> 'C:\wamp64\www\continentalWeb\images\save-continue.png'
Copy New 'C:\Users\Randy\OneDrive\Documents\GitHub\Continental Web\images\shipping.jpg' -> 'C:\wamp64\www\continentalWeb\images\shipping.jpg'
Copy New 'C:\Users\Randy\OneDrive\Documents\GitHub\Continental Web\images\sorting-lego.jpg' -> 'C:\wamp64\www\continentalWeb\images\sorting-lego.jpg'
Copy New 'C:\Users\Randy\OneDrive\Documents\GitHub\Continental Web\images\truck.svg' -> 'C:\wamp64\www\continentalWeb\images\truck.svg'
Create Folder 'C:\wamp64\www\continentalWeb\public'
Create Folder 'C:\wamp64\www\continentalWeb\public\staff'
Copy New 'C:\Users\Randy\OneDrive\Documents\GitHub\Continental Web\public\staff\index.html' -> 'C:\wamp64\www\continentalWeb\public\staff\index.html'
Copy New 'C:\Users\Randy\OneDrive\Documents\GitHub\Continental Web\admin_reports.php' -> 'C:\wamp64\www\continentalWeb\admin_reports.php'
Copy New 'C:\Users\Randy\OneDrive\Documents\GitHub\Continental Web\administration.php' -> 'C:\wamp64\www\continentalWeb\administration.php'
Copy New 'C:\Users\Randy\OneDrive\Documents\GitHub\Continental Web\check_password.js' -> 'C:\wamp64\www\continentalWeb\check_password.js'
Copy New 'C:\Users\Randy\OneDrive\Documents\GitHub\Continental Web\contact.php' -> 'C:\wamp64\www\continentalWeb\contact.php'
Copy New 'C:\Users\Randy\OneDrive\Documents\GitHub\Continental Web\customer_reports.php' -> 'C:\wamp64\www\continentalWeb\customer_reports.php'
Copy New 'C:\Users\Randy\OneDrive\Documents\GitHub\Continental Web\employee_edit.php' -> 'C:\wamp64\www\continentalWeb\employee_edit.php'
Copy New 'C:\Users\Randy\OneDrive\Documents\GitHub\Continental Web\employee_index.php' -> 'C:\wamp64\www\continentalWeb\employee_index.php'
Copy New 'C:\Users\Randy\OneDrive\Documents\GitHub\Continental Web\employee_new.php' -> 'C:\wamp64\www\continentalWeb\employee_new.php'
Copy New 'C:\Users\Randy\OneDrive\Documents\GitHub\Continental Web\f_database.php' -> 'C:\wamp64\www\continentalWeb\f_database.php'
Copy New 'C:\Users\Randy\OneDrive\Documents\GitHub\Continental Web\f_db_credentials.php' -> 'C:\wamp64\www\continentalWeb\f_db_credentials.php'
Copy New 'C:\Users\Randy\OneDrive\Documents\GitHub\Continental Web\f_functions.php' -> 'C:\wamp64\www\continentalWeb\f_functions.php'
Copy New 'C:\Users\Randy\OneDrive\Documents\GitHub\Continental Web\f_initialize.php' -> 'C:\wamp64\www\continentalWeb\f_initialize.php'
Copy New 'C:\Users\Randy\OneDrive\Documents\GitHub\Continental Web\f_insert_functions.php' -> 'C:\wamp64\www\continentalWeb\f_insert_functions.php'
Copy New 'C:\Users\Randy\OneDrive\Documents\GitHub\Continental Web\f_query_functions.php' -> 'C:\wamp64\www\continentalWeb\f_query_functions.php'
Copy New 'C:\Users\Randy\OneDrive\Documents\GitHub\Continental Web\f_report.php' -> 'C:\wamp64\www\continentalWeb\f_report.php'
Copy New 'C:\Users\Randy\OneDrive\Documents\GitHub\Continental Web\f_reports.php' -> 'C:\wamp64\www\continentalWeb\f_reports.php'
Copy New 'C:\Users\Randy\OneDrive\Documents\GitHub\Continental Web\f_session.php' -> 'C:\wamp64\www\continentalWeb\f_session.php'
Copy New 'C:\Users\Randy\OneDrive\Documents\GitHub\Continental Web\f_showpartsonbol.php' -> 'C:\wamp64\www\continentalWeb\f_showpartsonbol.php'
Copy New 'C:\Users\Randy\OneDrive\Documents\GitHub\Continental Web\f_update_tally_qty.php' -> 'C:\wamp64\www\continentalWeb\f_update_tally_qty.php'
Copy New 'C:\Users\Randy\OneDrive\Documents\GitHub\Continental Web\in_autocomplete_parts.php' -> 'C:\wamp64\www\continentalWeb\in_autocomplete_parts.php'
Copy New 'C:\Users\Randy\OneDrive\Documents\GitHub\Continental Web\in_delete.php' -> 'C:\wamp64\www\continentalWeb\in_delete.php'
Copy New 'C:\Users\Randy\OneDrive\Documents\GitHub\Continental Web\in_edit.php' -> 'C:\wamp64\www\continentalWeb\in_edit.php'
Copy New 'C:\Users\Randy\OneDrive\Documents\GitHub\Continental Web\in_edit_item.php' -> 'C:\wamp64\www\continentalWeb\in_edit_item.php'
Copy New 'C:\Users\Randy\OneDrive\Documents\GitHub\Continental Web\in_index.php' -> 'C:\wamp64\www\continentalWeb\in_index.php'
Copy New 'C:\Users\Randy\OneDrive\Documents\GitHub\Continental Web\in_new_inbound.php' -> 'C:\wamp64\www\continentalWeb\in_new_inbound.php'
Copy New 'C:\Users\Randy\OneDrive\Documents\GitHub\Continental Web\in_new_inbound_items.php' -> 'C:\wamp64\www\continentalWeb\in_new_inbound_items.php'
Copy New 'C:\Users\Randy\OneDrive\Documents\GitHub\Continental Web\in_show_inbound_detail.php' -> 'C:\wamp64\www\continentalWeb\in_show_inbound_detail.php'
Copy New 'C:\Users\Randy\OneDrive\Documents\GitHub\Continental Web\index.php' -> 'C:\wamp64\www\continentalWeb\index.php'
Copy New 'C:\Users\Randy\OneDrive\Documents\GitHub\Continental Web\killsession.php' -> 'C:\wamp64\www\continentalWeb\killsession.php'
Copy New 'C:\Users\Randy\OneDrive\Documents\GitHub\Continental Web\login.php' -> 'C:\wamp64\www\continentalWeb\login.php'
Copy New 'C:\Users\Randy\OneDrive\Documents\GitHub\Continental Web\lot_detail.php' -> 'C:\wamp64\www\continentalWeb\lot_detail.php'
Copy New 'C:\Users\Randy\OneDrive\Documents\GitHub\Continental Web\meta_queries.php' -> 'C:\wamp64\www\continentalWeb\meta_queries.php'
Copy New 'C:\Users\Randy\OneDrive\Documents\GitHub\Continental Web\noaccess.php' -> 'C:\wamp64\www\continentalWeb\noaccess.php'
Copy New 'C:\Users\Randy\OneDrive\Documents\GitHub\Continental Web\parts_edit.php' -> 'C:\wamp64\www\continentalWeb\parts_edit.php'
Copy New 'C:\Users\Randy\OneDrive\Documents\GitHub\Continental Web\parts_index.php' -> 'C:\wamp64\www\continentalWeb\parts_index.php'
Copy New 'C:\Users\Randy\OneDrive\Documents\GitHub\Continental Web\parts_new.php' -> 'C:\wamp64\www\continentalWeb\parts_new.php'
Copy New 'C:\Users\Randy\OneDrive\Documents\GitHub\Continental Web\parts_show.php' -> 'C:\wamp64\www\continentalWeb\parts_show.php'
Copy New 'C:\Users\Randy\OneDrive\Documents\GitHub\Continental Web\public.css' -> 'C:\wamp64\www\continentalWeb\public.css'
Copy New 'C:\Users\Randy\OneDrive\Documents\GitHub\Continental Web\public_footer.inc' -> 'C:\wamp64\www\continentalWeb\public_footer.inc'
Copy New 'C:\Users\Randy\OneDrive\Documents\GitHub\Continental Web\public_header.inc' -> 'C:\wamp64\www\continentalWeb\public_header.inc'
Copy New 'C:\Users\Randy\OneDrive\Documents\GitHub\Continental Web\r_tally.php' -> 'C:\wamp64\www\continentalWeb\r_tally.php'
Copy New 'C:\Users\Randy\OneDrive\Documents\GitHub\Continental Web\r_tally_detail.php' -> 'C:\wamp64\www\continentalWeb\r_tally_detail.php'
Copy New 'C:\Users\Randy\OneDrive\Documents\GitHub\Continental Web\randyqua_sort 2019-05-28.sql' -> 'C:\wamp64\www\continentalWeb\randyqua_sort 2019-05-28.sql'
Copy New 'C:\Users\Randy\OneDrive\Documents\GitHub\Continental Web\sort_autocomplete_employee.php' -> 'C:\wamp64\www\continentalWeb\sort_autocomplete_employee.php'
Copy New 'C:\Users\Randy\OneDrive\Documents\GitHub\Continental Web\sort_box.php' -> 'C:\wamp64\www\continentalWeb\sort_box.php'
Copy New 'C:\Users\Randy\OneDrive\Documents\GitHub\Continental Web\sort_confirm_lot.php' -> 'C:\wamp64\www\continentalWeb\sort_confirm_lot.php'
Copy New 'C:\Users\Randy\OneDrive\Documents\GitHub\Continental Web\sort_employee_select.php' -> 'C:\wamp64\www\continentalWeb\sort_employee_select.php'
Copy New 'C:\Users\Randy\OneDrive\Documents\GitHub\Continental Web\sort_header.php' -> 'C:\wamp64\www\continentalWeb\sort_header.php'
Copy New 'C:\Users\Randy\OneDrive\Documents\GitHub\Continental Web\sort_incroment.php' -> 'C:\wamp64\www\continentalWeb\sort_incroment.php'
Copy New 'C:\Users\Randy\OneDrive\Documents\GitHub\Continental Web\sort_index.php' -> 'C:\wamp64\www\continentalWeb\sort_index.php'
Copy New 'C:\Users\Randy\OneDrive\Documents\GitHub\Continental Web\sort_index2.php' -> 'C:\wamp64\www\continentalWeb\sort_index2.php'
Copy New 'C:\Users\Randy\OneDrive\Documents\GitHub\Continental Web\sort_mutilation.php' -> 'C:\wamp64\www\continentalWeb\sort_mutilation.php'
Copy New 'C:\Users\Randy\OneDrive\Documents\GitHub\Continental Web\sort_start_time.php' -> 'C:\wamp64\www\continentalWeb\sort_start_time.php'
Copy New 'C:\Users\Randy\OneDrive\Documents\GitHub\Continental Web\sort_tallysheet - Copy.php' -> 'C:\wamp64\www\continentalWeb\sort_tallysheet - Copy.php'
Copy New 'C:\Users\Randy\OneDrive\Documents\GitHub\Continental Web\sort_tallysheet.php' -> 'C:\wamp64\www\continentalWeb\sort_tallysheet.php'
Copy New 'C:\Users\Randy\OneDrive\Documents\GitHub\Continental Web\sort_tallysheet_old.php' -> 'C:\wamp64\www\continentalWeb\sort_tallysheet_old.php'
Copy New 'C:\Users\Randy\OneDrive\Documents\GitHub\Continental Web\staff.css' -> 'C:\wamp64\www\continentalWeb\staff.css'
Copy New 'C:\Users\Randy\OneDrive\Documents\GitHub\Continental Web\staff_footer.php' -> 'C:\wamp64\www\continentalWeb\staff_footer.php'
Copy New 'C:\Users\Randy\OneDrive\Documents\GitHub\Continental Web\staff_header.php' -> 'C:\wamp64\www\continentalWeb\staff_header.php'
Copy New 'C:\Users\Randy\OneDrive\Documents\GitHub\Continental Web\staff_index.php' -> 'C:\wamp64\www\continentalWeb\staff_index.php'
Copy New 'C:\Users\Randy\OneDrive\Documents\GitHub\Continental Web\user_new.php' -> 'C:\wamp64\www\continentalWeb\user_new.php'
Save State File C:\Users\Randy\OneDrive\Documents\GitHub\Continental Web\_gsdata_\_file_state._gs
Save State File C:\wamp64\www\continentalWeb\_gsdata_\_file_state._gs
Items Synced OK: 424, Errors: 0
===== 6/7/2019 9:50:37 AM: Sync Completed. Time: 00:00:01, Speed:  =====

